<?xml version="1.0" encoding="UTF-8"?>
<!-- Generated by org.testng.reporters.JUnitXMLReporter -->
<testsuite hostname="HN-SD-0131-WK" name="Default test" tests="4" failures="0" timestamp="13 Mar 2018 04:28:31 GMT" time="116.919" errors="0">
  <testcase name="VerifyListProdUI" time="13.825" classname="test.testcases.ApolloPVAPMEA.ProdListPage_VerifyUIMoreOneResult"/>
  <testcase name="VerifyUIOneProd" time="0.453" classname="test.testcases.ApolloPVAPMEA.ProdListPage_VerifyUIMoreOneResult"/>
  <testcase name="HoverOnValue" time="84.367" classname="test.testcases.ApolloPVAPMEA.ProdListPage_VerifyUIMoreOneResult"/>
  <testcase name="HoverOnImage" time="0.069" classname="test.testcases.ApolloPVAPMEA.ProdListPage_VerifyUIMoreOneResult"/>
</testsuite> <!-- Default test -->
